   Compiling proc-macro2 v1.0.106
   Compiling unicode-ident v1.0.23
   Compiling quote v1.0.44
   Compiling libc v0.2.186
   Compiling cfg-if v1.0.4
   Compiling serde_core v1.0.228
   Compiling memchr v2.8.0
   Compiling serde v1.0.228
   Compiling version_check v0.9.5
   Compiling log v0.4.29
   Compiling typenum v1.19.0
   Compiling subtle v2.6.1
   Compiling pin-project-lite v0.2.16
   Compiling itoa v1.0.17
   Compiling find-msvc-tools v0.1.9
   Compiling shlex v1.3.0
   Compiling futures-core v0.3.32
   Compiling once_cell v1.21.3
   Compiling zerocopy v0.8.39
   Compiling cpufeatures v0.2.17
   Compiling futures-sink v0.3.32
   Compiling autocfg v1.5.0
   Compiling futures-task v0.3.32
   Compiling futures-io v0.3.32
   Compiling generic-array v0.14.7
   Compiling futures-channel v0.3.32
   Compiling crossbeam-utils v0.8.21
   Compiling fs_extra v1.3.0
   Compiling smallvec v1.15.1
   Compiling slab v0.4.12
   Compiling equivalent v1.0.2
   Compiling zmij v1.0.21
   Compiling dunce v1.0.5
   Compiling crc32fast v1.5.0
   Compiling simd-adler32 v0.3.8
   Compiling num-traits v0.2.19
   Compiling bitflags v2.11.0
   Compiling syn v2.0.116
   Compiling rustix v1.1.3
   Compiling adler2 v2.0.1
   Compiling anyhow v1.0.102
   Compiling aws-lc-rs v1.16.3
   Compiling jobserver v0.1.34
   Compiling getrandom v0.2.17
   Compiling errno v0.3.14
   Compiling mio v1.2.0
   Compiling socket2 v0.6.3
   Compiling miniz_oxide v0.8.9
   Compiling stable_deref_trait v1.2.1
   Compiling zlib-rs v0.6.2
   Compiling rand_core v0.6.4
   Compiling cc v1.2.56
   Compiling signal-hook-registry v1.4.8
   Compiling crypto-common v0.1.7
   Compiling block-buffer v0.10.4
   Compiling digest v0.10.7
   Compiling block-padding v0.3.3
   Compiling thiserror v2.0.18
   Compiling getrandom v0.3.4
   Compiling inout v0.1.4
   Compiling base64 v0.22.1
   Compiling fastrand v2.3.0
   Compiling untrusted v0.9.0
   Compiling heck v0.5.0
   Compiling httparse v1.10.1
   Compiling rustls v0.23.36
   Compiling either v1.15.0
   Compiling rand_core v0.9.5
   Compiling hashbrown v0.16.1
   Compiling getrandom v0.4.1
   Compiling serde_json v1.0.149
   Compiling cmake v0.1.57
   Compiling itertools v0.14.0
   Compiling rand_core v0.10.0
   Compiling linux-raw-sys v0.11.0
   Compiling regex-syntax v0.8.9
   Compiling foldhash v0.1.5
   Compiling percent-encoding v2.3.2
   Compiling bytes v1.11.1
   Compiling indexmap v2.13.0
   Compiling hashbrown v0.15.5
   Compiling flate2 v1.1.9
   Compiling aws-lc-sys v0.40.0
   Compiling ring v0.17.14
   Compiling universal-hash v0.5.1
   Compiling concurrent-queue v2.5.0
   Compiling encoding_rs v0.8.35
   Compiling litemap v0.8.1
   Compiling regex-automata v0.4.14
   Compiling semver v1.0.27
   Compiling siphasher v1.0.2
   Compiling writeable v0.6.2
   Compiling iana-time-zone v0.1.65
   Compiling fixedbitset v0.5.7
   Compiling opaque-debug v0.3.1
   Compiling synstructure v0.13.2
   Compiling petgraph v0.8.3
   Compiling phf_shared v0.13.1
   Compiling tempfile v3.25.0
   Compiling rustc_version v0.4.1
   Compiling tracing-core v0.1.36
   Compiling icu_normalizer_data v2.1.1
   Compiling icu_properties_data v2.1.2
   Compiling multimap v0.10.1
   Compiling curve25519-dalek v4.1.3
   Compiling phf_generator v0.13.1
   Compiling regex v1.12.3
   Compiling sha1 v0.10.6
   Compiling parking v2.2.1
   Compiling event-listener v5.4.1
   Compiling phf_codegen v0.13.1
   Compiling polyval v0.6.2
   Compiling sha2 v0.10.9
   Compiling hmac v0.12.1
   Compiling aead v0.5.2
   Compiling thiserror v1.0.69
   Compiling tower-service v0.3.3
   Compiling fnv v1.0.7
   Compiling parking_lot_core v0.9.12
   Compiling ghash v0.5.1
   Compiling event-listener-strategy v0.5.4
   Compiling uuid v1.21.0
   Compiling form_urlencoded v1.2.2
   Compiling try-lock v0.2.5
   Compiling mime v0.3.17
   Compiling atomic-waker v1.1.2
   Compiling scopeguard v1.2.0
   Compiling httpdate v1.0.3
   Compiling pin-utils v0.1.0
   Compiling lock_api v0.4.14
   Compiling want v0.3.1
   Compiling phf v0.13.1
   Compiling hkdf v0.12.4
   Compiling sync_wrapper v1.0.2
   Compiling utf8_iter v1.0.4
   Compiling weezl v0.1.12
   Compiling rustversion v1.0.22
   Compiling hex v0.4.3
   Compiling serde_derive v1.0.228
   Compiling zeroize_derive v1.4.3
   Compiling zerocopy-derive v0.8.39
   Compiling futures-macro v0.3.32
   Compiling displaydoc v0.2.5
   Compiling zerofrom-derive v0.1.6
   Compiling tokio-macros v2.7.0
   Compiling yoke-derive v0.8.1
   Compiling zeroize v1.8.2
   Compiling thiserror-impl v2.0.18
   Compiling rustls-pki-types v1.14.0
   Compiling cipher v0.4.4
   Compiling futures-util v0.3.32
   Compiling zerovec-derive v0.11.2
   Compiling prost-derive v0.14.3
   Compiling webpki-roots v1.0.6
   Compiling tracing-attributes v0.1.31
   Compiling aes v0.8.4
   Compiling cbc v0.1.2
   Compiling zerofrom v0.1.6
   Compiling yoke v0.8.1
   Compiling zerotrie v0.2.3
   Compiling zerovec v0.11.5
   Compiling curve25519-dalek-derive v0.1.1
   Compiling ctr v0.9.2
   Compiling thiserror-impl v1.0.69
   Compiling derive_more-impl v2.1.1
   Compiling tinystr v0.8.2
   Compiling potential_utf v0.1.4
   Compiling prost v0.14.3
   Compiling tracing v0.1.44
   Compiling icu_locale_core v2.1.1
   Compiling icu_collections v2.1.1
   Compiling aes-gcm v0.10.3
   Compiling prost-types v0.14.3
   Compiling async-trait v0.1.89
   Compiling tower-layer v0.3.3
   Compiling icu_provider v2.1.1
   Compiling bytemuck v1.25.0
   Compiling prost-build v0.14.3
   Compiling chrono v0.4.43
   Compiling icu_normalizer v2.1.1
   Compiling icu_properties v2.1.2
   Compiling wa-rs-binary v0.2.0
   Compiling derive_more v2.1.1
   Compiling x25519-dalek v2.0.1
   Compiling arrayref v0.3.9
   Compiling crossbeam-epoch v0.9.18
   Compiling http v1.4.0
   Compiling tokio v1.52.3
   Compiling minimal-lexical v0.2.1
   Compiling unicase v2.9.0
   Compiling ipnet v2.11.0
   Compiling protobuf v3.7.2
   Compiling mime_guess v2.0.5
   Compiling wa-rs-proto v0.2.0
   Compiling idna_adapter v1.2.1
   Compiling nom v7.1.3
   Compiling idna v1.1.0
   Compiling ppv-lite86 v0.2.21
   Compiling http-body v1.0.1
   Compiling http-body-util v0.1.3
   Compiling url v2.5.8
   Compiling serde-big-array v0.5.1
   Compiling rand_chacha v0.9.0
   Compiling protobuf-support v3.7.2
   Compiling typed-builder-macro v0.23.2
   Compiling rand v0.9.4
   Compiling parking_lot v0.12.5
   Compiling async-channel v2.5.0
   Compiling aho-corasick v1.1.4
   Compiling utf-8 v0.7.6
   Compiling ryu v1.0.23
   Compiling utf8parse v0.2.2
   Compiling strsim v0.11.1
   Compiling signal-hook v0.3.18
   Compiling ident_case v1.0.1
   Compiling allocator-api2 v0.2.21
   Compiling tinyvec_macros v0.1.1
   Compiling anstyle-parse v0.2.7
   Compiling darling_core v0.23.0
   Compiling tinyvec v1.10.0
   Compiling futures-executor v0.3.32
   Compiling pin-project-internal v1.1.10
   Compiling wa-rs-derive v0.2.0
   Compiling pbkdf2 v0.12.2
   Compiling nom v8.0.0
   Compiling typed-builder v0.23.2
   Compiling is_terminal_polyfill v1.70.2
   Compiling pkg-config v0.3.32
   Compiling rustix v0.38.44
   Compiling portable-atomic v1.13.1
   Compiling vcpkg v0.2.15
   Compiling md5 v0.8.0
   Compiling option-ext v0.2.0
   Compiling openssl-probe v0.2.1
   Compiling anstyle-query v1.1.5
   Compiling ref-cast v1.0.25
   Compiling iri-string v0.7.10
   Compiling colorchoice v1.0.4
   Compiling rayon-core v1.13.0
   Compiling tokio-util v0.7.18
   Compiling tower v0.5.3
   Compiling h2 v0.4.13
   Compiling anstyle v1.0.13
   Compiling zune-core v0.4.12
   Compiling darling_macro v0.23.0
   Compiling zune-jpeg v0.4.21
   Compiling anstream v0.6.21
   Compiling tower-http v0.6.8
   Compiling libsqlite3-sys v0.35.0
   Compiling rustls-native-certs v0.8.3
   Compiling dirs-sys v0.5.0
   Compiling pin-project v1.1.10
   Compiling unicode-normalization v0.1.25
   Compiling futures v0.3.32
   Compiling rand_chacha v0.3.1
   Compiling half v2.7.1
   Compiling crossbeam-deque v0.8.6
   Compiling ref-cast-impl v1.0.25
   Compiling serde_derive_internals v0.29.1
   Compiling md-5 v0.10.6
   Compiling pxfm v0.1.27
   Compiling fdeflate v0.3.7
   Compiling multer v3.1.0
   Compiling thread_local v1.1.9
   Compiling fax v0.2.7
   Compiling zune-core v0.5.1
   Compiling color_quant v1.1.0
   Compiling rangemap v1.7.1
   Compiling clap_lex v1.0.0
   Compiling hyper v1.8.1
   Compiling unicode-width v0.2.0
   Compiling quick-error v2.0.1
   Compiling pom v1.1.0
   Compiling instability v0.3.12
   Compiling lazy_static v1.5.0
   Compiling event-listener v2.5.3
   Compiling powerfmt v0.2.0
   Compiling paste v1.0.15
   Compiling byteorder v1.5.0
   Compiling unicode-properties v0.1.4
   Compiling unicode-bidi v0.3.18
   Compiling bumpalo v3.19.1
   Compiling data-encoding v2.10.0
   Compiling bytecount v0.6.9
   Compiling linux-raw-sys v0.4.15
   Compiling nom_locate v5.0.0
   Compiling zopfli v0.8.3
   Compiling deranged v0.5.6
   Compiling hyper-util v0.1.20
   Compiling moxcms v0.7.11
   Compiling stringprep v0.1.5
   Compiling async-channel v1.9.0
   Compiling tiff v0.10.3
   Compiling schemars_derive v1.2.1
   Compiling clap_builder v4.5.60
   Compiling zune-jpeg v0.5.12
   Compiling gif v0.14.2
   Compiling png v0.18.1
   Compiling rand v0.8.6
   Compiling signal-hook-mio v0.2.5
   Compiling darling v0.23.0
   Compiling serde_urlencoded v0.7.1
   Compiling strum_macros v0.26.4
   Compiling castaway v0.2.4
   Compiling ureq-proto v0.5.3
   Compiling webpki-roots v0.26.11
   Compiling ecb v0.1.2
   Compiling async-stream-impl v0.3.6
   Compiling enumflags2_derive v0.7.12
   Compiling clap_derive v4.5.55
   Compiling async-lock v3.4.2
   Compiling phf_shared v0.12.1
   Compiling sqlite-vec v0.1.9
   Compiling itertools v0.13.0
   Compiling inotify-sys v0.1.5
   Compiling crossbeam-channel v0.5.15
   Compiling env_filter v1.0.0
   Compiling tagptr v0.2.0
   Compiling unicode-width v0.1.14
   Compiling unicode-segmentation v1.13.2
   Compiling chrono-tz v0.10.4
   Compiling ttf-parser v0.25.1
   Compiling time-core v0.1.8
   Compiling indoc v2.0.7
   Compiling spin v0.9.8
   Compiling num-conv v0.2.0
   Compiling debug_unsafe v0.1.4
   Compiling byteorder-lite v0.1.0
   Compiling hashbrown v0.14.5
   Compiling simdutf8 v0.1.5
   Compiling dyn-clone v1.0.20
   Compiling prometheus v0.14.0
   Compiling cpufeatures v0.3.0
   Compiling same-file v1.0.6
   Compiling static_assertions v1.1.0
   Compiling winnow v0.7.14
   Compiling compact_str v0.8.1
   Compiling walkdir v2.5.0
   Compiling chacha20 v0.10.0
   Compiling image v0.25.9
   Compiling schemars v1.2.1
   Compiling dashmap v6.1.0
   Compiling clap v4.5.60
   Compiling unicode-truncate v1.1.0
   Compiling atoi_simd v0.16.1
   Compiling time v0.3.47
   Compiling strum v0.26.3
   Compiling moka v0.12.13
   Compiling env_logger v0.11.9
   Compiling toml_parser v1.0.8+spec-1.1.0
   Compiling lopdf v0.38.0
   Compiling inotify v0.11.1
   Compiling phf v0.12.1
   Compiling enumflags2 v0.7.12
   Compiling async-stream v0.3.6
   Compiling nanoid v0.4.0
   Compiling rayon v1.11.0
   Compiling crossterm v0.28.1
   Compiling stop-token v0.7.0
   Compiling zip v4.6.1
   Compiling zip v0.6.6
   Compiling type1-encoding-parser v0.1.0
   Compiling adobe-cmap-parser v0.4.1
   Compiling sharded-slab v0.1.7
   Compiling console v0.16.2
   Compiling fuzzy-matcher v0.3.7
   Compiling tracing-futures v0.2.5
   Compiling matchers v0.2.0
   Compiling dirs v6.0.0
   Compiling lru v0.12.5
   Compiling hashlink v0.10.0
   Compiling imap-proto v0.16.6
   Compiling eventsource-stream v0.2.3
   Compiling axum-core v0.5.6
   Compiling chacha20 v0.9.1
   Compiling hashify v0.2.7
   Compiling axum-macros v0.5.0
   Compiling quick-xml v0.37.5
   Compiling codepage v0.1.2
   Compiling quick-xml v0.36.2
   Compiling poly1305 v0.8.0
   Compiling toml_datetime v1.0.0+spec-1.1.0
   Compiling serde_spanned v1.0.4
   Compiling serde_path_to_error v0.1.20
   Compiling email-encoding v0.4.1
   Compiling euclid v0.20.14
   Compiling ordered-float v5.3.0
   Compiling notify-types v2.1.0
   Compiling bstr v1.12.1
   Compiling fallible-iterator v0.3.0
   Compiling quoted_printable v0.5.1
   Compiling matchit v0.8.4
   Compiling cassowary v0.3.0
   Compiling fallible-streaming-iterator v0.1.9
   Compiling toml_writer v1.0.6+spec-1.1.0
   Compiling fast-float2 v0.2.3
   Compiling email_address v0.2.9
   Compiling nu-ansi-term v0.50.3
   Compiling env_home v0.1.0
   Compiling glob v0.3.3
   Compiling winnow v0.6.26
   Compiling postscript v0.14.1
   Compiling toml_datetime v0.6.11
   Compiling shell-words v1.1.1
   Compiling futures-timer v3.0.3
   Compiling as-any v0.3.2
   Compiling self_cell v1.2.2
   Compiling cff-parser v0.1.0
   Compiling toml_edit v0.22.27
   Compiling dialoguer v0.12.0
   Compiling tracing-subscriber v0.3.22
   Compiling async-imap v0.11.2
   Compiling cron v0.15.0
   Compiling pdf-extract v0.10.0
   Compiling which v7.0.3
   Compiling calamine v0.30.1
   Compiling ratatui v0.29.0
   Compiling toml v1.0.1+spec-1.1.0
   Compiling globset v0.4.18
   Compiling notify v8.2.0
   Compiling chacha20poly1305 v0.10.1
   Compiling mail-parser v0.11.2
   Compiling docx-rs v0.4.20
   Compiling shellexpand v3.1.1
   Compiling lopdf v0.34.0
   Compiling landlock v0.4.4
   Compiling clap_complete v4.5.66
   Compiling rand v0.10.1
   Compiling directories v6.0.0
   Compiling webbrowser v1.2.1
   Compiling hostname v0.4.2
   Compiling fs2 v0.4.3
   Compiling urlencoding v2.1.3
   Compiling qrcode v0.14.1
   Compiling wa-rs-libsignal v0.2.0
   Compiling rustls-webpki v0.103.13
   Compiling tokio-rustls v0.26.4
   Compiling rustls-platform-verifier v0.7.0
   Compiling tungstenite v0.28.0
   Compiling ureq v3.2.0
   Compiling lettre v0.11.22
   Compiling hyper-rustls v0.27.7
   Compiling tokio-websockets v0.13.1
   Compiling reqwest v0.13.3
   Compiling reqwest v0.12.28
   Compiling tokio-tungstenite v0.28.0
   Compiling axum v0.8.8
   Compiling rig-core v0.37.0
   Compiling wa-rs-appstate v0.2.0
   Compiling wa-rs-noise v0.2.0
   Compiling rusqlite v0.37.0
   Compiling wa-rs-core v0.2.0
   Compiling wa-rs-ureq-http v0.2.0
   Compiling wa-rs v0.2.0
   Compiling wa-rs-tokio-transport v0.2.0
   Compiling rantaiclaw v0.6.59-alpha (/home/shiro/rantai/RantAI-Agents/packages/rantaiclaw)
warning: unused import: `ChatRequest`
  --> src/agent/compaction.rs:15:37
   |
15 | use crate::providers::{ChatMessage, ChatRequest, ConversationMessage, ToolCall};
   |                                     ^^^^^^^^^^^
   |
   = note: `#[warn(unused_imports)]` (part of `#[warn(unused)]`) on by default

warning: use of deprecated function `base64::encode`: Use Engine::encode
   --> src/onboard/provision/channels/nextcloud_talk.rs:121:31
    |
121 |         let encoded = base64::encode(format!("{}:{}", "", app_token.trim())); // user is empty for app token
    |                               ^^^^^^
    |
    = note: `#[warn(deprecated)]` on by default

warning: unused import: `ProviderClient`
  --> src/providers/rig_native.rs:56:42
   |
56 | use rig_core::client::{CompletionClient, ProviderClient};
   |                                          ^^^^^^^^^^^^^^

warning: value assigned to `http_proxy` is never read
  --> src/onboard/provision/runtime_surfaces/proxy.rs:82:30
   |
82 |         let mut http_proxy = None;
   |                              ^^^^
   |
   = help: maybe it is overwritten before being read?
   = note: `#[warn(unused_assignments)]` (part of `#[warn(unused)]`) on by default

warning: value assigned to `https_proxy` is never read
  --> src/onboard/provision/runtime_surfaces/proxy.rs:83:31
   |
83 |         let mut https_proxy = None;
   |                               ^^^^
   |
   = help: maybe it is overwritten before being read?

warning: `rantaiclaw` (lib) generated 5 warnings (run `cargo fix --lib -p rantaiclaw` to apply 1 suggestion)
warning: `rantaiclaw` (bin "rantaiclaw") generated 5 warnings (5 duplicates)
    Finished `release` profile [optimized] target(s) in 11m 20s
